2024-05-30 17:22:27 INFO  TourApi:118 - Request received for summary report generation.
2024-05-30 17:22:27 INFO  TourServiceImpl:67 - Fetching all tours
2024-05-30 17:22:28 INFO  TourLogServiceImpl:39 - Fetching tour logs for tour id: 45
2024-05-30 17:22:28 INFO  TourLogServiceImpl:44 - Total tour logs found for tour id 45: 1
2024-05-30 17:22:28 INFO  TourLogServiceImpl:39 - Fetching tour logs for tour id: 38
2024-05-30 17:22:28 INFO  TourLogServiceImpl:44 - Total tour logs found for tour id 38: 0
2024-05-30 17:22:28 INFO  TourLogServiceImpl:39 - Fetching tour logs for tour id: 50
2024-05-30 17:22:28 INFO  TourLogServiceImpl:44 - Total tour logs found for tour id 50: 0
2024-05-30 17:22:28 INFO  TourLogServiceImpl:39 - Fetching tour logs for tour id: 13
2024-05-30 17:22:28 INFO  TourLogServiceImpl:44 - Total tour logs found for tour id 13: 1
2024-05-30 17:22:28 INFO  TourLogServiceImpl:39 - Fetching tour logs for tour id: 14
2024-05-30 17:22:28 INFO  TourLogServiceImpl:44 - Total tour logs found for tour id 14: 0
2024-05-30 17:22:28 INFO  TourLogServiceImpl:39 - Fetching tour logs for tour id: 37
2024-05-30 17:22:28 INFO  TourLogServiceImpl:44 - Total tour logs found for tour id 37: 0
2024-05-30 17:22:28 INFO  TourLogServiceImpl:39 - Fetching tour logs for tour id: 36
2024-05-30 17:22:28 INFO  TourLogServiceImpl:44 - Total tour logs found for tour id 36: 1
2024-05-30 17:22:28 INFO  TourLogServiceImpl:39 - Fetching tour logs for tour id: 39
2024-05-30 17:22:28 INFO  TourLogServiceImpl:44 - Total tour logs found for tour id 39: 1
2024-05-30 17:22:28 INFO  TourLogServiceImpl:39 - Fetching tour logs for tour id: 12
2024-05-30 17:22:28 INFO  TourLogServiceImpl:44 - Total tour logs found for tour id 12: 3
2024-05-30 17:22:28 INFO  TourLogServiceImpl:39 - Fetching tour logs for tour id: 42
2024-05-30 17:22:28 INFO  TourLogServiceImpl:44 - Total tour logs found for tour id 42: 0
2024-05-30 17:22:28 INFO  TourServiceImpl:72 - Total tours found: 10
2024-05-30 17:22:28 INFO  TourApi:120 - Number of tours fetched: 10
2024-05-30 17:22:28 INFO  TourApi:122 - Summary report generated successfully.
2024-05-30 17:22:31 INFO  TourApi:133 - Request received for tour report generation for ID: 45
2024-05-30 17:22:31 INFO  TourServiceImpl:58 - Fetching tour with id: 45
2024-05-30 17:22:31 INFO  TourServiceImpl:61 - Tour found: Varna
2024-05-30 17:22:31 INFO  TourLogServiceImpl:39 - Fetching tour logs for tour id: 45
2024-05-30 17:22:31 INFO  TourLogServiceImpl:44 - Total tour logs found for tour id 45: 1
2024-05-30 17:22:31 INFO  TourApi:135 - Tour data fetched for ID: 45
2024-05-30 17:22:31 INFO  TourApi:137 - Tour report generated successfully for ID: 45
2024-05-30 17:23:58 INFO  TourApi:39 - Request received to get all tours.
2024-05-30 17:23:58 INFO  TourServiceImpl:67 - Fetching all tours
2024-05-30 17:23:58 INFO  TourApi:91 - Request received to get logs for tour ID: 45
2024-05-30 17:23:58 INFO  TourLogServiceImpl:39 - Fetching tour logs for tour id: 45
2024-05-30 17:23:58 INFO  TourLogServiceImpl:39 - Fetching tour logs for tour id: 45
2024-05-30 17:23:58 INFO  TourLogServiceImpl:44 - Total tour logs found for tour id 45: 1
2024-05-30 17:23:58 INFO  TourLogServiceImpl:39 - Fetching tour logs for tour id: 38
2024-05-30 17:23:58 INFO  TourLogServiceImpl:44 - Total tour logs found for tour id 45: 1
2024-05-30 17:23:58 INFO  TourApi:93 - Number of logs fetched for tour ID: 45 is 1
2024-05-30 17:23:58 INFO  TourLogServiceImpl:44 - Total tour logs found for tour id 38: 0
2024-05-30 17:23:58 INFO  TourLogServiceImpl:39 - Fetching tour logs for tour id: 50
2024-05-30 17:23:58 INFO  TourLogServiceImpl:44 - Total tour logs found for tour id 50: 0
2024-05-30 17:23:58 INFO  TourLogServiceImpl:39 - Fetching tour logs for tour id: 13
2024-05-30 17:23:58 INFO  TourLogServiceImpl:44 - Total tour logs found for tour id 13: 1
2024-05-30 17:23:58 INFO  TourLogServiceImpl:39 - Fetching tour logs for tour id: 14
2024-05-30 17:23:58 INFO  TourLogServiceImpl:44 - Total tour logs found for tour id 14: 0
2024-05-30 17:23:58 INFO  TourLogServiceImpl:39 - Fetching tour logs for tour id: 37
2024-05-30 17:23:58 INFO  TourLogServiceImpl:44 - Total tour logs found for tour id 37: 0
2024-05-30 17:23:58 INFO  TourLogServiceImpl:39 - Fetching tour logs for tour id: 36
2024-05-30 17:23:58 INFO  TourLogServiceImpl:44 - Total tour logs found for tour id 36: 1
2024-05-30 17:23:58 INFO  TourLogServiceImpl:39 - Fetching tour logs for tour id: 39
2024-05-30 17:23:58 INFO  TourLogServiceImpl:44 - Total tour logs found for tour id 39: 1
2024-05-30 17:23:58 INFO  TourLogServiceImpl:39 - Fetching tour logs for tour id: 12
2024-05-30 17:23:58 INFO  TourLogServiceImpl:44 - Total tour logs found for tour id 12: 3
2024-05-30 17:23:58 INFO  TourLogServiceImpl:39 - Fetching tour logs for tour id: 42
2024-05-30 17:23:58 INFO  TourLogServiceImpl:44 - Total tour logs found for tour id 42: 0
2024-05-30 17:23:58 INFO  TourServiceImpl:72 - Total tours found: 10
2024-05-30 17:23:58 INFO  TourApi:41 - Number of tours fetched: 10
2024-05-30 17:23:58 INFO  TourApi:91 - Request received to get logs for tour ID: 45
2024-05-30 17:23:58 INFO  TourLogServiceImpl:39 - Fetching tour logs for tour id: 45
2024-05-30 17:23:58 INFO  TourLogServiceImpl:44 - Total tour logs found for tour id 45: 1
2024-05-30 17:23:58 INFO  TourApi:93 - Number of logs fetched for tour ID: 45 is 1
2024-05-30 17:24:15 INFO  TourApi:39 - Request received to get all tours.
2024-05-30 17:24:15 INFO  TourServiceImpl:67 - Fetching all tours
2024-05-30 17:24:15 INFO  TourApi:39 - Request received to get all tours.
2024-05-30 17:24:15 INFO  TourServiceImpl:67 - Fetching all tours
2024-05-30 17:24:15 INFO  TourLogServiceImpl:39 - Fetching tour logs for tour id: 45
2024-05-30 17:24:15 INFO  TourLogServiceImpl:39 - Fetching tour logs for tour id: 45
2024-05-30 17:24:15 INFO  TourLogServiceImpl:44 - Total tour logs found for tour id 45: 1
2024-05-30 17:24:15 INFO  TourLogServiceImpl:39 - Fetching tour logs for tour id: 38
2024-05-30 17:24:15 INFO  TourLogServiceImpl:44 - Total tour logs found for tour id 45: 1
2024-05-30 17:24:15 INFO  TourLogServiceImpl:39 - Fetching tour logs for tour id: 38
2024-05-30 17:24:15 INFO  TourLogServiceImpl:44 - Total tour logs found for tour id 38: 0
2024-05-30 17:24:15 INFO  TourLogServiceImpl:39 - Fetching tour logs for tour id: 50
2024-05-30 17:24:15 INFO  TourLogServiceImpl:44 - Total tour logs found for tour id 38: 0
2024-05-30 17:24:15 INFO  TourLogServiceImpl:39 - Fetching tour logs for tour id: 50
2024-05-30 17:24:15 INFO  TourLogServiceImpl:44 - Total tour logs found for tour id 50: 0
2024-05-30 17:24:15 INFO  TourLogServiceImpl:39 - Fetching tour logs for tour id: 13
2024-05-30 17:24:15 INFO  TourLogServiceImpl:44 - Total tour logs found for tour id 50: 0
2024-05-30 17:24:15 INFO  TourLogServiceImpl:39 - Fetching tour logs for tour id: 13
2024-05-30 17:24:15 INFO  TourLogServiceImpl:44 - Total tour logs found for tour id 13: 1
2024-05-30 17:24:15 INFO  TourLogServiceImpl:39 - Fetching tour logs for tour id: 14
2024-05-30 17:24:15 INFO  TourLogServiceImpl:44 - Total tour logs found for tour id 13: 1
2024-05-30 17:24:15 INFO  TourLogServiceImpl:39 - Fetching tour logs for tour id: 14
2024-05-30 17:24:15 INFO  TourLogServiceImpl:44 - Total tour logs found for tour id 14: 0
2024-05-30 17:24:15 INFO  TourLogServiceImpl:39 - Fetching tour logs for tour id: 37
2024-05-30 17:24:15 INFO  TourLogServiceImpl:44 - Total tour logs found for tour id 14: 0
2024-05-30 17:24:15 INFO  TourLogServiceImpl:39 - Fetching tour logs for tour id: 37
2024-05-30 17:24:15 INFO  TourLogServiceImpl:44 - Total tour logs found for tour id 37: 0
2024-05-30 17:24:15 INFO  TourLogServiceImpl:44 - Total tour logs found for tour id 37: 0
2024-05-30 17:24:15 INFO  TourLogServiceImpl:39 - Fetching tour logs for tour id: 36
2024-05-30 17:24:15 INFO  TourLogServiceImpl:39 - Fetching tour logs for tour id: 36
2024-05-30 17:24:15 INFO  TourLogServiceImpl:44 - Total tour logs found for tour id 36: 1
2024-05-30 17:24:15 INFO  TourLogServiceImpl:44 - Total tour logs found for tour id 36: 1
2024-05-30 17:24:15 INFO  TourLogServiceImpl:39 - Fetching tour logs for tour id: 39
2024-05-30 17:24:15 INFO  TourLogServiceImpl:39 - Fetching tour logs for tour id: 39
2024-05-30 17:24:15 INFO  TourLogServiceImpl:44 - Total tour logs found for tour id 39: 1
2024-05-30 17:24:15 INFO  TourLogServiceImpl:44 - Total tour logs found for tour id 39: 1
2024-05-30 17:24:15 INFO  TourLogServiceImpl:39 - Fetching tour logs for tour id: 12
2024-05-30 17:24:15 INFO  TourLogServiceImpl:39 - Fetching tour logs for tour id: 12
2024-05-30 17:24:16 INFO  TourLogServiceImpl:44 - Total tour logs found for tour id 12: 3
2024-05-30 17:24:16 INFO  TourLogServiceImpl:44 - Total tour logs found for tour id 12: 3
2024-05-30 17:24:16 INFO  TourLogServiceImpl:39 - Fetching tour logs for tour id: 42
2024-05-30 17:24:16 INFO  TourLogServiceImpl:39 - Fetching tour logs for tour id: 42
2024-05-30 17:24:16 INFO  TourLogServiceImpl:44 - Total tour logs found for tour id 42: 0
2024-05-30 17:24:16 INFO  TourServiceImpl:72 - Total tours found: 10
2024-05-30 17:24:16 INFO  TourApi:41 - Number of tours fetched: 10
2024-05-30 17:24:16 INFO  TourLogServiceImpl:44 - Total tour logs found for tour id 42: 0
2024-05-30 17:24:16 INFO  TourServiceImpl:72 - Total tours found: 10
2024-05-30 17:24:16 INFO  TourApi:41 - Number of tours fetched: 10
2024-05-30 17:24:18 INFO  TourApi:91 - Request received to get logs for tour ID: 50
2024-05-30 17:24:18 INFO  TourLogServiceImpl:39 - Fetching tour logs for tour id: 50
2024-05-30 17:24:18 INFO  TourLogServiceImpl:44 - Total tour logs found for tour id 50: 0
2024-05-30 17:24:18 INFO  TourApi:93 - Number of logs fetched for tour ID: 50 is 0
2024-05-30 17:24:20 INFO  TourApi:133 - Request received for tour report generation for ID: 50
2024-05-30 17:24:20 INFO  TourServiceImpl:58 - Fetching tour with id: 50
2024-05-30 17:24:20 INFO  TourServiceImpl:61 - Tour found: Monte Carlo
2024-05-30 17:24:20 INFO  TourLogServiceImpl:39 - Fetching tour logs for tour id: 50
2024-05-30 17:24:20 INFO  TourLogServiceImpl:44 - Total tour logs found for tour id 50: 0
2024-05-30 17:24:20 INFO  TourApi:135 - Tour data fetched for ID: 50
2024-05-30 17:24:20 INFO  TourApi:137 - Tour report generated successfully for ID: 50
2024-05-30 17:24:26 INFO  TourApi:91 - Request received to get logs for tour ID: 14
2024-05-30 17:24:26 INFO  TourLogServiceImpl:39 - Fetching tour logs for tour id: 14
2024-05-30 17:24:26 INFO  TourLogServiceImpl:44 - Total tour logs found for tour id 14: 0
2024-05-30 17:24:26 INFO  TourApi:93 - Number of logs fetched for tour ID: 14 is 0
2024-05-30 17:24:28 INFO  TourApi:133 - Request received for tour report generation for ID: 14
2024-05-30 17:24:28 INFO  TourServiceImpl:58 - Fetching tour with id: 14
2024-05-30 17:24:28 INFO  TourServiceImpl:61 - Tour found: Amsterdam
2024-05-30 17:24:28 INFO  TourLogServiceImpl:39 - Fetching tour logs for tour id: 14
2024-05-30 17:24:28 INFO  TourLogServiceImpl:44 - Total tour logs found for tour id 14: 0
2024-05-30 17:24:28 INFO  TourApi:135 - Tour data fetched for ID: 14
2024-05-30 17:24:28 INFO  TourApi:137 - Tour report generated successfully for ID: 14
2024-05-30 17:24:34 INFO  TourApi:91 - Request received to get logs for tour ID: 38
2024-05-30 17:24:34 INFO  TourLogServiceImpl:39 - Fetching tour logs for tour id: 38
2024-05-30 17:24:34 INFO  TourLogServiceImpl:44 - Total tour logs found for tour id 38: 0
2024-05-30 17:24:34 INFO  TourApi:93 - Number of logs fetched for tour ID: 38 is 0
2024-05-30 17:24:44 INFO  TourApi:91 - Request received to get logs for tour ID: 13
2024-05-30 17:24:44 INFO  TourLogServiceImpl:39 - Fetching tour logs for tour id: 13
2024-05-30 17:24:44 INFO  TourLogServiceImpl:44 - Total tour logs found for tour id 13: 1
2024-05-30 17:24:44 INFO  TourApi:93 - Number of logs fetched for tour ID: 13 is 1
2024-05-30 17:25:00 INFO  TourApi:91 - Request received to get logs for tour ID: 50
2024-05-30 17:25:00 INFO  TourLogServiceImpl:39 - Fetching tour logs for tour id: 50
2024-05-30 17:25:00 INFO  TourLogServiceImpl:44 - Total tour logs found for tour id 50: 0
2024-05-30 17:25:00 INFO  TourApi:93 - Number of logs fetched for tour ID: 50 is 0
